3/05/2021 11:07:01 AM - Save Script: Version 13.3.0.1.262 User ASUS
3/05/2021 11:07:15 AM - Save Script: Version 13.3.0.1.262 User ASUS
3/05/2021 11:07:23 AM - Save Script: Version 13.3.0.1.262 User ASUS
3/05/2021 11:15:31 AM - Save Script: Version 13.3.0.1.262 User ASUS
3/05/2021 11:26:50 AM - Save Script: Version 13.3.0.1.262 User ASUS
3/05/2021 11:40:02 AM - Save Script: Version 13.3.0.1.262 User ASUS
3/05/2021 11:42:33 AM - Save Script: Version 13.3.0.1.262 User ASUS
3/05/2021 11:43:26 AM - Save Script: Version 13.3.0.1.262 User ASUS
3/05/2021 11:43:42 AM - Save Script: Version 13.3.0.1.262 User ASUS
3/05/2021 11:44:28 AM - Save Script: Version 13.3.0.1.262 User ASUS
3/05/2021 11:48:24 AM - Save Script: Version 13.3.0.1.262 User ASUS
3/05/2021 11:56:29 AM - Save Script: Version 13.3.0.1.262 User ASUS
3/05/2021 12:00:40 PM - Save Script: Version 13.3.0.1.262 User ASUS
3/05/2021 12:09:32 PM - Save Script: Version 13.3.0.1.262 User ASUS
3/05/2021 12:11:57 PM - Save Script: Version 13.3.0.1.262 User ASUS
3/05/2021 12:12:11 PM - Save Script: Version 13.3.0.1.262 User ASUS
3/05/2021 12:14:13 PM - Save Script: Version 13.3.0.1.262 User ASUS
3/05/2021 12:26:15 PM - Upgrade Script Results: Successfully upgraded script results.
3/08/2021 09:54:26 AM - Upgrade Script Results: Successfully upgraded script results.
3/08/2021 10:04:16 AM - Save Script: Version 13.3.0.1.262 User ASUS
3/08/2021 11:12:27 AM - Save Script: Version 13.3.0.1.262 User ASUS
3/08/2021 11:12:34 AM - Save Script: Version 13.3.0.1.262 User ASUS
3/08/2021 11:13:04 AM - Save Script: Version 13.3.0.1.262 User ASUS
3/08/2021 11:13:10 AM - Save Script: Version 13.3.0.1.262 User ASUS
3/08/2021 11:16:34 AM - Save Script: Version 13.3.0.1.262 User ASUS
3/08/2021 11:17:03 AM - Save Script: Version 13.3.0.1.262 User ASUS
3/08/2021 11:26:36 AM - Save Script: Version 13.3.0.1.262 User ASUS
3/08/2021 11:31:46 AM - Save Script: Version 13.3.0.1.262 User ASUS
3/08/2021 11:41:20 AM - Save Script: Version 13.3.0.1.262 User ASUS
3/08/2021 11:46:19 AM - Save Script: Version 13.3.0.1.262 User ASUS
3/08/2021 11:47:07 AM - Save Script: Version 13.3.0.1.262 User ASUS
3/08/2021 11:47:09 AM - Save Script: Version 13.3.0.1.262 User ASUS
3/08/2021 11:54:42 AM - Launch Browser: Chrome version null
3/08/2021 12:06:11 PM - Launch Browser: Chrome version null
3/08/2021 12:07:46 PM - Launch Browser: Chrome version null
3/08/2021 12:11:39 PM - Launch Browser: Chrome version null
3/08/2021 12:13:52 PM - Launch Browser: Chrome version null
3/08/2021 12:20:17 PM - Save Script: Version 13.3.0.1.262 User ASUS
3/08/2021 12:20:29 PM - Launch Browser: Chrome version null
3/08/2021 12:25:01 PM - Save Script: Version 13.3.0.1.262 User ASUS
3/08/2021 12:25:23 PM - Save Script: Version 13.3.0.1.262 User ASUS
3/08/2021 12:25:39 PM - Save Script: Version 13.3.0.1.262 User ASUS
3/08/2021 12:29:54 PM - Save Script: Version 13.3.0.1.262 User ASUS
3/08/2021 12:30:07 PM - Save Script: Version 13.3.0.1.262 User ASUS
3/08/2021 12:31:30 PM - Save Script: Version 13.3.0.1.262 User ASUS
3/08/2021 12:32:25 PM - Save Script: Version 13.3.0.1.262 User ASUS
3/08/2021 12:32:56 PM - Save Script: Version 13.3.0.1.262 User ASUS
3/08/2021 12:34:47 PM - Save Script: Version 13.3.0.1.262 User ASUS
3/08/2021 12:35:11 PM - Save Script: Version 13.3.0.1.262 User ASUS
3/08/2021 12:38:35 PM - Save Script: Version 13.3.0.1.262 User ASUS
3/08/2021 13:45:32 PM - Save Script: Version 13.3.0.1.262 User ASUS
3/08/2021 13:49:42 PM - Save Script: Version 13.3.0.1.262 User ASUS
3/08/2021 13:51:09 PM - Save Script: Version 13.3.0.1.262 User ASUS
3/08/2021 13:52:06 PM - Save Script: Version 13.3.0.1.262 User ASUS
3/08/2021 13:53:16 PM - Save Script: Version 13.3.0.1.262 User ASUS
3/08/2021 13:54:41 PM - Save Script: Version 13.3.0.1.262 User ASUS
3/08/2021 13:54:51 PM - Save Script: Version 13.3.0.1.262 User ASUS
3/08/2021 13:57:40 PM - Save Script: Version 13.3.0.1.262 User ASUS
3/08/2021 14:00:24 PM - Save Script: Version 13.3.0.1.262 User ASUS
3/08/2021 14:02:09 PM - Save Script: Version 13.3.0.1.262 User ASUS
3/08/2021 14:04:00 PM - Save Script: Version 13.3.0.1.262 User ASUS
3/08/2021 14:05:03 PM - Save Script: Version 13.3.0.1.262 User ASUS
3/08/2021 14:10:25 PM - Save Script: Version 13.3.0.1.262 User ASUS
3/08/2021 14:13:12 PM - Save Script: Version 13.3.0.1.262 User ASUS
3/08/2021 14:14:03 PM - Save Script: Version 13.3.0.1.262 User ASUS
3/08/2021 14:15:34 PM - Save Script: Version 13.3.0.1.262 User ASUS
3/08/2021 14:16:32 PM - Save Script: Version 13.3.0.1.262 User ASUS
3/08/2021 14:16:48 PM - Save Script: Version 13.3.0.1.262 User ASUS
3/08/2021 14:16:59 PM - Save Script: Version 13.3.0.1.262 User ASUS
3/08/2021 14:17:32 PM - Save Script: Version 13.3.0.1.262 User ASUS
3/08/2021 14:17:39 PM - Save Script: Version 13.3.0.1.262 User ASUS
3/08/2021 14:17:44 PM - Launch Browser: Chrome version null
3/08/2021 14:24:06 PM - Save Script: Version 13.3.0.1.262 User ASUS
3/08/2021 14:24:18 PM - Save Script: Version 13.3.0.1.262 User ASUS
3/08/2021 14:24:52 PM - Save Script: Version 13.3.0.1.262 User ASUS
3/08/2021 14:27:39 PM - Save Script: Version 13.3.0.1.262 User ASUS
3/08/2021 14:27:45 PM - Launch Browser: Chrome version null
3/08/2021 14:28:52 PM - Launch Browser: Chrome version null
3/08/2021 14:29:31 PM - Launch Browser: Chrome version null
3/08/2021 14:29:49 PM - Launch Browser: Chrome version null
3/08/2021 14:31:34 PM - Save Script: Version 13.3.0.1.262 User ASUS
3/08/2021 14:32:28 PM - Save Script: Version 13.3.0.1.262 User ASUS
3/08/2021 14:32:38 PM - Launch Browser: Chrome version null
3/08/2021 14:35:59 PM - Save Script: Version 13.3.0.1.262 User ASUS
3/08/2021 14:38:57 PM - Save Script: Version 13.3.0.1.262 User ASUS
3/08/2021 14:44:02 PM - Save Script: Version 13.3.0.1.262 User ASUS
3/08/2021 14:46:15 PM - Save Script: Version 13.3.0.1.262 User ASUS
3/08/2021 15:35:35 PM - Launch Browser: Chrome version null
3/08/2021 15:37:52 PM - Save Script: Version 13.3.0.1.262 User ASUS
3/08/2021 15:40:01 PM - Save Script: Version 13.3.0.1.262 User ASUS
3/08/2021 15:40:09 PM - Save Script: Version 13.3.0.1.262 User ASUS
3/08/2021 15:42:05 PM - Save Script: Version 13.3.0.1.262 User ASUS
3/08/2021 15:42:32 PM - Save Script: Version 13.3.0.1.262 User ASUS
3/08/2021 15:50:49 PM - Save Script: Version 13.3.0.1.262 User ASUS
3/08/2021 15:54:36 PM - Save Script: Version 13.3.0.1.262 User ASUS
3/08/2021 15:55:25 PM - Save Script: Version 13.3.0.1.262 User ASUS
3/08/2021 15:56:01 PM - Save Script: Version 13.3.0.1.262 User ASUS
3/08/2021 15:56:12 PM - Save Script: Version 13.3.0.1.262 User ASUS
3/08/2021 15:56:29 PM - Save Script: Version 13.3.0.1.262 User ASUS
3/08/2021 15:59:32 PM - Save Script: Version 13.3.0.1.262 User ASUS
3/08/2021 16:01:20 PM - Launch Browser: Chrome version null
3/08/2021 16:03:21 PM - Save Script: Version 13.3.0.1.262 User ASUS
3/08/2021 16:04:29 PM - Save Script: Version 13.3.0.1.262 User ASUS
3/08/2021 16:04:38 PM - Save Script: Version 13.3.0.1.262 User ASUS
3/08/2021 16:05:36 PM - Save Script: Version 13.3.0.1.262 User ASUS
3/08/2021 16:05:52 PM - Save Script: Version 13.3.0.1.262 User ASUS
3/08/2021 16:06:16 PM - Save Script: Version 13.3.0.1.262 User ASUS
3/08/2021 16:07:24 PM - Save Script: Version 13.3.0.1.262 User ASUS
3/08/2021 16:07:38 PM - Save Script: Version 13.3.0.1.262 User ASUS
3/08/2021 16:08:00 PM - Save Script: Version 13.3.0.1.262 User ASUS
3/08/2021 16:08:43 PM - Save Script: Version 13.3.0.1.262 User ASUS
3/08/2021 16:09:00 PM - Save Script: Version 13.3.0.1.262 User ASUS
3/08/2021 16:11:58 PM - Save Script: Version 13.3.0.1.262 User ASUS
3/08/2021 16:12:08 PM - Save Script: Version 13.3.0.1.262 User ASUS
3/08/2021 16:14:25 PM - Save Script: Version 13.3.0.1.262 User ASUS
3/08/2021 16:14:34 PM - Save Script: Version 13.3.0.1.262 User ASUS
3/08/2021 16:14:57 PM - Launch Browser: Chrome version null
3/08/2021 16:17:54 PM - Save Script: Version 13.3.0.1.262 User ASUS
3/08/2021 16:20:42 PM - Save Script: Version 13.3.0.1.262 User ASUS
3/08/2021 16:21:53 PM - Save Script: Version 13.3.0.1.262 User ASUS
3/08/2021 16:23:25 PM - Save Script: Version 13.3.0.1.262 User ASUS
3/08/2021 16:25:16 PM - Save Script: Version 13.3.0.1.262 User ASUS
3/08/2021 16:25:27 PM - Save Script: Version 13.3.0.1.262 User ASUS
3/08/2021 16:32:40 PM - Save Script: Version 13.3.0.1.262 User ASUS
3/08/2021 16:33:13 PM - Save Script: Version 13.3.0.1.262 User ASUS
3/08/2021 16:33:41 PM - Save Script: Version 13.3.0.1.262 User ASUS
3/08/2021 16:33:50 PM - Save Script: Version 13.3.0.1.262 User ASUS
3/08/2021 16:34:10 PM - Save Script: Version 13.3.0.1.262 User ASUS
3/08/2021 16:49:12 PM - Launch Browser: Chrome version null
3/08/2021 16:50:47 PM - Save Script: Version 13.3.0.1.262 User ASUS
3/08/2021 16:51:59 PM - Save Script: Version 13.3.0.1.262 User ASUS
3/08/2021 16:53:12 PM - Save Script: Version 13.3.0.1.262 User ASUS
3/08/2021 16:53:33 PM - Save Script: Version 13.3.0.1.262 User ASUS
3/08/2021 16:55:30 PM - Save Script: Version 13.3.0.1.262 User ASUS
3/08/2021 16:55:36 PM - Save Script: Version 13.3.0.1.262 User ASUS
3/08/2021 16:57:03 PM - Save Script: Version 13.3.0.1.262 User ASUS
3/08/2021 16:58:20 PM - Save Script: Version 13.3.0.1.262 User ASUS
3/08/2021 16:59:11 PM - Save Script: Version 13.3.0.1.262 User ASUS
3/08/2021 16:59:45 PM - Save Script: Version 13.3.0.1.262 User ASUS
3/08/2021 17:00:59 PM - Save Script: Version 13.3.0.1.262 User ASUS
3/08/2021 17:02:02 PM - Save Script: Version 13.3.0.1.262 User ASUS
3/08/2021 17:02:25 PM - Save Script: Version 13.3.0.1.262 User ASUS
3/08/2021 17:02:53 PM - Save Script: Version 13.3.0.1.262 User ASUS
3/08/2021 17:04:52 PM - Save Script: Version 13.3.0.1.262 User ASUS
3/08/2021 17:05:51 PM - Save Script: Version 13.3.0.1.262 User ASUS
3/08/2021 17:08:39 PM - Save Script: Version 13.3.0.1.262 User ASUS